/root/ros_rblabs_coh45_ex2/install/coh45_ex2/lib/python3.10/site-packages/coh45_ex2/turtlesim_circle_move.py
/root/ros_rblabs_coh45_ex2/install/coh45_ex2/lib/python3.10/site-packages/coh45_ex2/turtlesim_square_move_closed3.py
/root/ros_rblabs_coh45_ex2/install/coh45_ex2/lib/python3.10/site-packages/coh45_ex2/userinput.py
/root/ros_rblabs_coh45_ex2/install/coh45_ex2/lib/python3.10/site-packages/coh45_ex2/turtlesim_move.py
/root/ros_rblabs_coh45_ex2/install/coh45_ex2/lib/python3.10/site-packages/coh45_ex2/turtlesim_square_move.py
/root/ros_rblabs_coh45_ex2/install/coh45_ex2/lib/python3.10/site-packages/coh45_ex2/__init__.py
/root/ros_rblabs_coh45_ex2/install/coh45_ex2/lib/python3.10/site-packages/coh45_ex2/turtlesim_triangle_move.py
/root/ros_rblabs_coh45_ex2/install/coh45_ex2/lib/python3.10/site-packages/coh45_ex2/__pycache__/turtlesim_circle_move.cpython-310.pyc
/root/ros_rblabs_coh45_ex2/install/coh45_ex2/lib/python3.10/site-packages/coh45_ex2/__pycache__/turtlesim_square_move_closed3.cpython-310.pyc
/root/ros_rblabs_coh45_ex2/install/coh45_ex2/lib/python3.10/site-packages/coh45_ex2/__pycache__/userinput.cpython-310.pyc
/root/ros_rblabs_coh45_ex2/install/coh45_ex2/lib/python3.10/site-packages/coh45_ex2/__pycache__/turtlesim_move.cpython-310.pyc
/root/ros_rblabs_coh45_ex2/install/coh45_ex2/lib/python3.10/site-packages/coh45_ex2/__pycache__/turtlesim_square_move.cpython-310.pyc
/root/ros_rblabs_coh45_ex2/install/coh45_ex2/lib/python3.10/site-packages/coh45_ex2/__pycache__/__init__.cpython-310.pyc
/root/ros_rblabs_coh45_ex2/install/coh45_ex2/lib/python3.10/site-packages/coh45_ex2/__pycache__/turtlesim_triangle_move.cpython-310.pyc
/root/ros_rblabs_coh45_ex2/install/coh45_ex2/share/ament_index/resource_index/packages/coh45_ex2
/root/ros_rblabs_coh45_ex2/install/coh45_ex2/share/coh45_ex2/package.xml
/root/ros_rblabs_coh45_ex2/install/coh45_ex2/share/coh45_ex2/launch
/root/ros_rblabs_coh45_ex2/install/coh45_ex2/lib/python3.10/site-packages/coh45_ex2-0.0.0-py3.10.egg-info/zip-safe
/root/ros_rblabs_coh45_ex2/install/coh45_ex2/lib/python3.10/site-packages/coh45_ex2-0.0.0-py3.10.egg-info/PKG-INFO
/root/ros_rblabs_coh45_ex2/install/coh45_ex2/lib/python3.10/site-packages/coh45_ex2-0.0.0-py3.10.egg-info/top_level.txt
/root/ros_rblabs_coh45_ex2/install/coh45_ex2/lib/python3.10/site-packages/coh45_ex2-0.0.0-py3.10.egg-info/dependency_links.txt
/root/ros_rblabs_coh45_ex2/install/coh45_ex2/lib/python3.10/site-packages/coh45_ex2-0.0.0-py3.10.egg-info/requires.txt
/root/ros_rblabs_coh45_ex2/install/coh45_ex2/lib/python3.10/site-packages/coh45_ex2-0.0.0-py3.10.egg-info/SOURCES.txt
/root/ros_rblabs_coh45_ex2/install/coh45_ex2/lib/python3.10/site-packages/coh45_ex2-0.0.0-py3.10.egg-info/entry_points.txt
/root/ros_rblabs_coh45_ex2/install/coh45_ex2/lib/coh45_ex2/square_turtle_closed
/root/ros_rblabs_coh45_ex2/install/coh45_ex2/lib/coh45_ex2/turtlesim_node_1
/root/ros_rblabs_coh45_ex2/install/coh45_ex2/lib/coh45_ex2/turtlesim_node_draw_circle
/root/ros_rblabs_coh45_ex2/install/coh45_ex2/lib/coh45_ex2/turtlesim_node_square_move
/root/ros_rblabs_coh45_ex2/install/coh45_ex2/lib/coh45_ex2/turtlesim_node_triangle_move
/root/ros_rblabs_coh45_ex2/install/coh45_ex2/lib/coh45_ex2/user_input_node
