[0.313s] DEBUG:colcon:Command line arguments: ['/usr/bin/colcon', 'list', '-p', '--base-paths', '/root/ros_rblabs_coh45_ex2']
[0.314s] DEBUG:colcon:Parsed command line arguments: Namespace(log_base=None, log_level=None, verb_name='list', build_base='build', ignore_user_meta=False, metas=['./colcon.meta'], base_paths=['/root/ros_rblabs_coh45_ex2'], packages_ignore=None, packages_ignore_regex=None, paths=None, packages_up_to=None, packages_up_to_regex=None, packages_above=None, packages_above_and_dependencies=None, packages_above_depth=None, packages_select_by_dep=None, packages_skip_by_dep=None, packages_skip_up_to=None, packages_select_build_failed=False, packages_skip_build_finished=False, packages_select_test_failures=False, packages_skip_test_passed=False, packages_select=None, packages_skip=None, packages_select_regex=None, packages_skip_regex=None, packages_start=None, packages_end=None, allow_overriding=[], topological_order=False, names_only=False, paths_only=True, topological_graph=False, topological_graph_dot=False, topological_graph_density=False, topological_graph_legend=False, topological_graph_dot_cluster=False, topological_graph_dot_include_skipped=False, verb_parser=<colcon_defaults.argument_parser.defaults.DefaultArgumentsDecorator object at 0x7f550e2a8040>, verb_extension=<colcon_package_information.verb.list.ListVerb object at 0x7f550e26f100>, main=<bound method ListVerb.main of <colcon_package_information.verb.list.ListVerb object at 0x7f550e26f100>>)
[0.561s] Level 1:colcon.colcon_core.package_discovery:discover_packages(colcon_meta) check parameters
[0.561s] Level 1:colcon.colcon_core.package_discovery:discover_packages(recursive) check parameters
[0.561s] Level 1:colcon.colcon_core.package_discovery:discover_packages(ignore) check parameters
[0.561s] Level 1:colcon.colcon_core.package_discovery:discover_packages(path) check parameters
[0.561s] Level 1:colcon.colcon_core.package_discovery:discover_packages(recursive) discover
[0.561s] INFO:colcon.colcon_core.package_discovery:Crawling recursively for packages in '/root/ros_rblabs_coh45_ex2'
[0.561s] Level 1:colcon.colcon_core.package_identification:_identify(/root/ros_rblabs_coh45_ex2) by extensions ['ignore', 'ignore_ament_install']
[0.562s] Level 1:colcon.colcon_core.package_identification:_identify(/root/ros_rblabs_coh45_ex2) by extension 'ignore'
[0.562s] Level 1:colcon.colcon_core.package_identification:_identify(/root/ros_rblabs_coh45_ex2) by extension 'ignore_ament_install'
[0.562s] Level 1:colcon.colcon_core.package_identification:_identify(/root/ros_rblabs_coh45_ex2) by extensions ['colcon_pkg']
[0.562s] Level 1:colcon.colcon_core.package_identification:_identify(/root/ros_rblabs_coh45_ex2) by extension 'colcon_pkg'
[0.562s] Level 1:colcon.colcon_core.package_identification:_identify(/root/ros_rblabs_coh45_ex2) by extensions ['colcon_meta']
[0.562s] Level 1:colcon.colcon_core.package_identification:_identify(/root/ros_rblabs_coh45_ex2) by extension 'colcon_meta'
[0.562s] Level 1:colcon.colcon_core.package_identification:_identify(/root/ros_rblabs_coh45_ex2) by extensions ['ros']
[0.562s] Level 1:colcon.colcon_core.package_identification:_identify(/root/ros_rblabs_coh45_ex2) by extension 'ros'
[0.582s] Level 1:colcon.colcon_core.package_identification:_identify(/root/ros_rblabs_coh45_ex2) by extensions ['cmake', 'python']
[0.582s] Level 1:colcon.colcon_core.package_identification:_identify(/root/ros_rblabs_coh45_ex2) by extension 'cmake'
[0.583s] Level 1:colcon.colcon_core.package_identification:_identify(/root/ros_rblabs_coh45_ex2) by extension 'python'
[0.583s] Level 1:colcon.colcon_core.package_identification:_identify(/root/ros_rblabs_coh45_ex2) by extensions ['python_setup_py']
[0.583s] Level 1:colcon.colcon_core.package_identification:_identify(/root/ros_rblabs_coh45_ex2) by extension 'python_setup_py'
[0.583s] Level 1:colcon.colcon_core.package_identification:_identify(/root/ros_rblabs_coh45_ex2/build) by extensions ['ignore', 'ignore_ament_install']
[0.583s] Level 1:colcon.colcon_core.package_identification:_identify(/root/ros_rblabs_coh45_ex2/build) by extension 'ignore'
[0.583s] Level 1:colcon.colcon_core.package_identification:_identify(/root/ros_rblabs_coh45_ex2/build) ignored
[0.583s] Level 1:colcon.colcon_core.package_identification:_identify(/root/ros_rblabs_coh45_ex2/install) by extensions ['ignore', 'ignore_ament_install']
[0.584s] Level 1:colcon.colcon_core.package_identification:_identify(/root/ros_rblabs_coh45_ex2/install) by extension 'ignore'
[0.584s] Level 1:colcon.colcon_core.package_identification:_identify(/root/ros_rblabs_coh45_ex2/install) ignored
[0.584s] Level 1:colcon.colcon_core.package_identification:_identify(/root/ros_rblabs_coh45_ex2/log) by extensions ['ignore', 'ignore_ament_install']
[0.585s] Level 1:colcon.colcon_core.package_identification:_identify(/root/ros_rblabs_coh45_ex2/log) by extension 'ignore'
[0.588s] Level 1:colcon.colcon_core.package_identification:_identify(/root/ros_rblabs_coh45_ex2/log) ignored
[0.588s] Level 1:colcon.colcon_core.package_identification:_identify(/root/ros_rblabs_coh45_ex2/src) by extensions ['ignore', 'ignore_ament_install']
[0.589s] Level 1:colcon.colcon_core.package_identification:_identify(/root/ros_rblabs_coh45_ex2/src) by extension 'ignore'
[0.589s] Level 1:colcon.colcon_core.package_identification:_identify(/root/ros_rblabs_coh45_ex2/src) by extension 'ignore_ament_install'
[0.589s] Level 1:colcon.colcon_core.package_identification:_identify(/root/ros_rblabs_coh45_ex2/src) by extensions ['colcon_pkg']
[0.589s] Level 1:colcon.colcon_core.package_identification:_identify(/root/ros_rblabs_coh45_ex2/src) by extension 'colcon_pkg'
[0.590s] Level 1:colcon.colcon_core.package_identification:_identify(/root/ros_rblabs_coh45_ex2/src) by extensions ['colcon_meta']
[0.590s] Level 1:colcon.colcon_core.package_identification:_identify(/root/ros_rblabs_coh45_ex2/src) by extension 'colcon_meta'
[0.590s] Level 1:colcon.colcon_core.package_identification:_identify(/root/ros_rblabs_coh45_ex2/src) by extensions ['ros']
[0.591s] Level 1:colcon.colcon_core.package_identification:_identify(/root/ros_rblabs_coh45_ex2/src) by extension 'ros'
[0.591s] Level 1:colcon.colcon_core.package_identification:_identify(/root/ros_rblabs_coh45_ex2/src) by extensions ['cmake', 'python']
[0.591s] Level 1:colcon.colcon_core.package_identification:_identify(/root/ros_rblabs_coh45_ex2/src) by extension 'cmake'
[0.591s] Level 1:colcon.colcon_core.package_identification:_identify(/root/ros_rblabs_coh45_ex2/src) by extension 'python'
[0.591s] Level 1:colcon.colcon_core.package_identification:_identify(/root/ros_rblabs_coh45_ex2/src) by extensions ['python_setup_py']
[0.592s] Level 1:colcon.colcon_core.package_identification:_identify(/root/ros_rblabs_coh45_ex2/src) by extension 'python_setup_py'
[0.592s] Level 1:colcon.colcon_core.package_identification:_identify(/root/ros_rblabs_coh45_ex2/src/coh45_ex2) by extensions ['ignore', 'ignore_ament_install']
[0.593s] Level 1:colcon.colcon_core.package_identification:_identify(/root/ros_rblabs_coh45_ex2/src/coh45_ex2) by extension 'ignore'
[0.593s] Level 1:colcon.colcon_core.package_identification:_identify(/root/ros_rblabs_coh45_ex2/src/coh45_ex2) by extension 'ignore_ament_install'
[0.593s] Level 1:colcon.colcon_core.package_identification:_identify(/root/ros_rblabs_coh45_ex2/src/coh45_ex2) by extensions ['colcon_pkg']
[0.593s] Level 1:colcon.colcon_core.package_identification:_identify(/root/ros_rblabs_coh45_ex2/src/coh45_ex2) by extension 'colcon_pkg'
[0.593s] Level 1:colcon.colcon_core.package_identification:_identify(/root/ros_rblabs_coh45_ex2/src/coh45_ex2) by extensions ['colcon_meta']
[0.593s] Level 1:colcon.colcon_core.package_identification:_identify(/root/ros_rblabs_coh45_ex2/src/coh45_ex2) by extension 'colcon_meta'
[0.594s] Level 1:colcon.colcon_core.package_identification:_identify(/root/ros_rblabs_coh45_ex2/src/coh45_ex2) by extensions ['ros']
[0.594s] Level 1:colcon.colcon_core.package_identification:_identify(/root/ros_rblabs_coh45_ex2/src/coh45_ex2) by extension 'ros'
[0.599s] DEBUG:colcon.colcon_core.package_identification:Package '/root/ros_rblabs_coh45_ex2/src/coh45_ex2' with type 'ros.ament_python' and name 'coh45_ex2'
[0.599s] Level 1:colcon.colcon_core.package_discovery:discover_packages(recursive) using defaults
