running egg_info
creating ../../build/coh45_ex2/coh45_ex2.egg-info
writing ../../build/coh45_ex2/coh45_ex2.egg-info/PKG-INFO
writing dependency_links to ../../build/coh45_ex2/coh45_ex2.egg-info/dependency_links.txt
writing entry points to ../../build/coh45_ex2/coh45_ex2.egg-info/entry_points.txt
writing requirements to ../../build/coh45_ex2/coh45_ex2.egg-info/requires.txt
writing top-level names to ../../build/coh45_ex2/coh45_ex2.egg-info/top_level.txt
writing manifest file '../../build/coh45_ex2/coh45_ex2.egg-info/SOURCES.txt'
reading manifest file '../../build/coh45_ex2/coh45_ex2.egg-info/SOURCES.txt'
writing manifest file '../../build/coh45_ex2/coh45_ex2.egg-info/SOURCES.txt'
running build
running build_py
creating /root/ros_rblabs_coh45_ex2/build/coh45_ex2/build
creating /root/ros_rblabs_coh45_ex2/build/coh45_ex2/build/lib
creating /root/ros_rblabs_coh45_ex2/build/coh45_ex2/build/lib/coh45_ex2
copying coh45_ex2/turtlesim_move.py -> /root/ros_rblabs_coh45_ex2/build/coh45_ex2/build/lib/coh45_ex2
copying coh45_ex2/__init__.py -> /root/ros_rblabs_coh45_ex2/build/coh45_ex2/build/lib/coh45_ex2
running install
running install_lib
creating /root/ros_rblabs_coh45_ex2/install/coh45_ex2/lib/python3.10/site-packages/coh45_ex2
copying /root/ros_rblabs_coh45_ex2/build/coh45_ex2/build/lib/coh45_ex2/turtlesim_move.py -> /root/ros_rblabs_coh45_ex2/install/coh45_ex2/lib/python3.10/site-packages/coh45_ex2
copying /root/ros_rblabs_coh45_ex2/build/coh45_ex2/build/lib/coh45_ex2/__init__.py -> /root/ros_rblabs_coh45_ex2/install/coh45_ex2/lib/python3.10/site-packages/coh45_ex2
byte-compiling /root/ros_rblabs_coh45_ex2/install/coh45_ex2/lib/python3.10/site-packages/coh45_ex2/turtlesim_move.py to turtlesim_move.cpython-310.pyc
byte-compiling /root/ros_rblabs_coh45_ex2/install/coh45_ex2/lib/python3.10/site-packages/coh45_ex2/__init__.py to __init__.cpython-310.pyc
running install_data
creating /root/ros_rblabs_coh45_ex2/install/coh45_ex2/share/ament_index
creating /root/ros_rblabs_coh45_ex2/install/coh45_ex2/share/ament_index/resource_index
creating /root/ros_rblabs_coh45_ex2/install/coh45_ex2/share/ament_index/resource_index/packages
copying resource/coh45_ex2 -> /root/ros_rblabs_coh45_ex2/install/coh45_ex2/share/ament_index/resource_index/packages
copying package.xml -> /root/ros_rblabs_coh45_ex2/install/coh45_ex2/share/coh45_ex2
running install_egg_info
Copying ../../build/coh45_ex2/coh45_ex2.egg-info to /root/ros_rblabs_coh45_ex2/install/coh45_ex2/lib/python3.10/site-packages/coh45_ex2-0.0.0-py3.10.egg-info
running install_scripts
Installing turtlesim_node_1 script to /root/ros_rblabs_coh45_ex2/install/coh45_ex2/lib/coh45_ex2
writing list of installed files to '/root/ros_rblabs_coh45_ex2/build/coh45_ex2/install.log'
