[0.669s] Invoking command in '/root/ros_rblabs_coh45_ex2/src/coh45_ex2': PYTHONPATH=/root/ros_rblabs_coh45_ex2/build/coh45_ex2/prefix_override:/usr/lib/python3/dist-packages/colcon_core/task/python/colcon_distutils_commands:/root/ros_rblabs_coh45_ex2/install/coh45_ex2/lib/python3.10/site-packages:${PYTHONPATH} /usr/bin/python3 -W ignore:setup.py install is deprecated setup.py egg_info --egg-base ../../build/coh45_ex2 build --build-base /root/ros_rblabs_coh45_ex2/build/coh45_ex2/build install --record /root/ros_rblabs_coh45_ex2/build/coh45_ex2/install.log --single-version-externally-managed install_data
[0.941s] running egg_info
[0.941s] writing ../../build/coh45_ex2/coh45_ex2.egg-info/PKG-INFO
[0.942s] writing dependency_links to ../../build/coh45_ex2/coh45_ex2.egg-info/dependency_links.txt
[0.942s] writing entry points to ../../build/coh45_ex2/coh45_ex2.egg-info/entry_points.txt
[0.942s] writing requirements to ../../build/coh45_ex2/coh45_ex2.egg-info/requires.txt
[0.942s] writing top-level names to ../../build/coh45_ex2/coh45_ex2.egg-info/top_level.txt
[0.945s] reading manifest file '../../build/coh45_ex2/coh45_ex2.egg-info/SOURCES.txt'
[0.945s] writing manifest file '../../build/coh45_ex2/coh45_ex2.egg-info/SOURCES.txt'
[0.946s] running build
[0.946s] running build_py
[0.946s] copying coh45_ex2/turtlesim_square_move.py -> /root/ros_rblabs_coh45_ex2/build/coh45_ex2/build/lib/coh45_ex2
[0.948s] running install
[0.948s] running install_lib
[0.949s] copying /root/ros_rblabs_coh45_ex2/build/coh45_ex2/build/lib/coh45_ex2/turtlesim_square_move.py -> /root/ros_rblabs_coh45_ex2/install/coh45_ex2/lib/python3.10/site-packages/coh45_ex2
[0.950s] byte-compiling /root/ros_rblabs_coh45_ex2/install/coh45_ex2/lib/python3.10/site-packages/coh45_ex2/turtlesim_square_move.py to turtlesim_square_move.cpython-310.pyc
[0.951s] running install_data
[0.951s] running install_egg_info
[0.953s] removing '/root/ros_rblabs_coh45_ex2/install/coh45_ex2/lib/python3.10/site-packages/coh45_ex2-0.0.0-py3.10.egg-info' (and everything under it)
[0.953s] Copying ../../build/coh45_ex2/coh45_ex2.egg-info to /root/ros_rblabs_coh45_ex2/install/coh45_ex2/lib/python3.10/site-packages/coh45_ex2-0.0.0-py3.10.egg-info
[0.955s] running install_scripts
[0.977s] Installing turtlesim_node_1 script to /root/ros_rblabs_coh45_ex2/install/coh45_ex2/lib/coh45_ex2
[0.977s] Installing turtlesim_node_draw_circle script to /root/ros_rblabs_coh45_ex2/install/coh45_ex2/lib/coh45_ex2
[0.977s] Installing turtlesim_node_square_move script to /root/ros_rblabs_coh45_ex2/install/coh45_ex2/lib/coh45_ex2
[0.978s] writing list of installed files to '/root/ros_rblabs_coh45_ex2/build/coh45_ex2/install.log'
[1.005s] Invoked command in '/root/ros_rblabs_coh45_ex2/src/coh45_ex2' returned '0': PYTHONPATH=/root/ros_rblabs_coh45_ex2/build/coh45_ex2/prefix_override:/usr/lib/python3/dist-packages/colcon_core/task/python/colcon_distutils_commands:/root/ros_rblabs_coh45_ex2/install/coh45_ex2/lib/python3.10/site-packages:${PYTHONPATH} /usr/bin/python3 -W ignore:setup.py install is deprecated setup.py egg_info --egg-base ../../build/coh45_ex2 build --build-base /root/ros_rblabs_coh45_ex2/build/coh45_ex2/build install --record /root/ros_rblabs_coh45_ex2/build/coh45_ex2/install.log --single-version-externally-managed install_data
